<?xml version="1.0" encoding="UTF-8"?>
<testsuites name="Smoke Test" time="13" tests="0" failures="1" errors="0">
   <testsuite name="Smoke Test" tests="0" failures="1" errors="0" time="13" timestamp="2018-05-30 15:45:35" hostname="ARJUN - ARJUNS" id="Test Suites/Smoke Test">
      <properties>
         <property name="deviceName" value=""/>
         <property name="devicePlatform" value=""/>
         <property name="logFolder" value="C:\\Users\\ARJUN\\Katalon Studio\\Test USGBC\\Reports\\Smoke Test\\20180530_154528"/>
         <property name="logFiles" value="C:\\Users\\ARJUN\\Katalon Studio\\Test USGBC\\Reports\\Smoke Test\\20180530_154528\\execution0.log"/>
         <property name="attachments" value="C:\\Users\\ARJUN\\Katalon Studio\\Test USGBC\\Reports\\Smoke Test\\20180530_154528\\1527709544752.png, C:\\Users\\ARJUN\\Katalon Studio\\Test USGBC\\Reports\\Smoke Test\\20180530_154528\\1527709547669.png, C:\\Users\\ARJUN\\Katalon Studio\\Test USGBC\\Reports\\Smoke Test\\20180530_154528\\1527709548004.png"/>
         <property name="hostName" value="ARJUN - ARJUNS"/>
         <property name="os" value="Windows 10 64bit"/>
         <property name="katalonVersion" value="5.4.2.1"/>
         <property name="browser" value="Chrome 66.0.3359.181"/>
         <property name="hostAddress" value="192.168.56.1"/>
         <property name="sessionId" value="7a95db989aea3e932a0849c5e5e0e163"/>
         <property name="seleniumVersion" value="3.7.1"/>
         <property name="proxyInformation" value="ProxyInformation{proxyOption=NO_PROXY, proxyServerType=HTTP, password=, proxyServerAddress=, proxyServerPort=0}"/>
         <property name="platform" value="Windows 10"/>
      </properties>
      <testcase name="Test Cases/Sponsorship" classname="Test Cases/Sponsorship" status="FAILED">
         <failure type="FAILED" message="Verify element text of test object 'Object Repository/sponser/Page_sponsorship Form  dynamic-usgb/input_addresslocality' FAILED. (Root cause: Actual text '' and expected text 'erie' of test object 'Object Repository/sponser/Page_sponsorship Form  dynamic-usgb/input_addresslocality' are NOT matched.)"/>
         <system-out><![CDATA[2018-05-30 15:45:36 - [TEST_CASE][FAILED] - Test Cases/Sponsorship: Test Cases/Sponsorship FAILED because (of) Verify element text of test object 'Object Repository/sponser/Page_sponsorship Form  dynamic-usgb/input_addresslocality' FAILED. (Root cause: Actual text '' and expected text 'erie' of test object 'Object Repository/sponser/Page_sponsorship Form  dynamic-usgb/input_addresslocality' are NOT matched.)

2018-05-30 15:45:36 - [TEST_STEP][PASSED] - openBrowser: Browser is opened with url: ''

2018-05-30 15:45:40 - [MESSAGE][PASSED] - Browser is opened with url: ''

2018-05-30 15:45:40 - [TEST_STEP][PASSED] - maximizeWindow: Current window maximized

2018-05-30 15:45:42 - [MESSAGE][PASSED] - Current window maximized

2018-05-30 15:45:42 - [TEST_STEP][PASSED] - navigateToUrl: Navigate to 'http://test-dynamic-usgbc.pantheonsite.io/sponsorship/content' successfully

2018-05-30 15:45:44 - [MESSAGE][PASSED] - Navigate to 'http://test-dynamic-usgbc.pantheonsite.io/sponsorship/content' successfully

2018-05-30 15:45:44 - [TEST_STEP][PASSED] - click: Object: 'Object Repository/sponser/Page_sponsorship Form  dynamic-usgb/input_types' is clicked on

2018-05-30 15:45:44 - [MESSAGE][PASSED] - Object: 'Object Repository/sponser/Page_sponsorship Form  dynamic-usgb/input_types' is clicked on

2018-05-30 15:45:44 - [TEST_STEP][PASSED] - setText: Text '50' is set on object 'Object Repository/sponser/Page_sponsorship Form  dynamic-usgb/input_amount'

2018-05-30 15:45:44 - [MESSAGE][PASSED] - Text '50' is set on object 'Object Repository/sponser/Page_sponsorship Form  dynamic-usgb/input_amount'

2018-05-30 15:45:44 - [TEST_STEP][PASSED] - takeScreenshot: Taking screenshot successfully

2018-05-30 15:45:45 - [MESSAGE][PASSED] - Taking screenshot successfully
[[ATTACHMENT|C:\\Users\\ARJUN\\Katalon Studio\\Test USGBC\\Reports\\Smoke Test\\20180530_154528\\1527709544752.png]]

2018-05-30 15:45:45 - [TEST_STEP][PASSED] - setText: Text '725 chestnut st' is set on object 'Object Repository/sponser/Page_sponsorship Form  dynamic-usgb/input_addressaddress_line1'

2018-05-30 15:45:45 - [MESSAGE][PASSED] - Text '725 chestnut st' is set on object 'Object Repository/sponser/Page_sponsorship Form  dynamic-usgb/input_addressaddress_line1'

2018-05-30 15:45:45 - [TEST_STEP][PASSED] - setText: Text 'west' is set on object 'Object Repository/sponser/Page_sponsorship Form  dynamic-usgb/input_addressaddress_line2'

2018-05-30 15:45:45 - [MESSAGE][PASSED] - Text 'west' is set on object 'Object Repository/sponser/Page_sponsorship Form  dynamic-usgb/input_addressaddress_line2'

2018-05-30 15:45:45 - [TEST_STEP][PASSED] - setText: Text 'erie' is set on object 'Object Repository/sponser/Page_sponsorship Form  dynamic-usgb/input_addresslocality'

2018-05-30 15:45:46 - [MESSAGE][PASSED] - Text 'erie' is set on object 'Object Repository/sponser/Page_sponsorship Form  dynamic-usgb/input_addresslocality'

2018-05-30 15:45:46 - [TEST_STEP][PASSED] - selectOptionByValue: All options with value 'PA' are selected in object 'Object Repository/sponser/Page_sponsorship Form  dynamic-usgb/select_- Select -AlabamaAlaska'  using regular expression

2018-05-30 15:45:47 - [MESSAGE][PASSED] - All options with value 'PA' are selected in object 'Object Repository/sponser/Page_sponsorship Form  dynamic-usgb/select_- Select -AlabamaAlaska'  using regular expression

2018-05-30 15:45:47 - [TEST_STEP][FAILED] - verifyElementText: Verify element text of test object 'Object Repository/sponser/Page_sponsorship Form  dynamic-usgb/input_addresslocality' FAILED. (Root cause: Actual text '' and expected text 'erie' of test object 'Object Repository/sponser/Page_sponsorship Form  dynamic-usgb/input_addresslocality' are NOT matched.)

2018-05-30 15:45:48 - [MESSAGE][FAILED] - Actual text '' and expected text 'erie' of test object 'Object Repository/sponser/Page_sponsorship Form  dynamic-usgb/input_addresslocality' are NOT matched.
[[ATTACHMENT|C:\\Users\\ARJUN\\Katalon Studio\\Test USGBC\\Reports\\Smoke Test\\20180530_154528\\1527709547669.png]]

2018-05-30 15:45:48 - [MESSAGE][FAILED] - Verify element text of test object 'Object Repository/sponser/Page_sponsorship Form  dynamic-usgb/input_addresslocality' FAILED. (Root cause: Actual text '' and expected text 'erie' of test object 'Object Repository/sponser/Page_sponsorship Form  dynamic-usgb/input_addresslocality' are NOT matched.)
[[ATTACHMENT|C:\\Users\\ARJUN\\Katalon Studio\\Test USGBC\\Reports\\Smoke Test\\20180530_154528\\1527709548004.png]]]]></system-out>
         <system-err><![CDATA[2018-05-30 15:45:36 - [TEST_CASE][FAILED] - Test Cases/Sponsorship: Test Cases/Sponsorship FAILED because (of) Verify element text of test object 'Object Repository/sponser/Page_sponsorship Form  dynamic-usgb/input_addresslocality' FAILED. (Root cause: Actual text '' and expected text 'erie' of test object 'Object Repository/sponser/Page_sponsorship Form  dynamic-usgb/input_addresslocality' are NOT matched.)]]></system-err>
      </testcase>
      <system-out><![CDATA[2018-05-30 15:45:35 - [TEST_SUITE][FAILED] - Smoke Test: Test Cases/Sponsorship FAILED because (of) Verify element text of test object 'Object Repository/sponser/Page_sponsorship Form  dynamic-usgb/input_addresslocality' FAILED. (Root cause: Actual text '' and expected text 'erie' of test object 'Object Repository/sponser/Page_sponsorship Form  dynamic-usgb/input_addresslocality' are NOT matched.)]]></system-out>
      <system-err><![CDATA[2018-05-30 15:45:35 - [TEST_SUITE][FAILED] - Smoke Test: Test Cases/Sponsorship FAILED because (of) Verify element text of test object 'Object Repository/sponser/Page_sponsorship Form  dynamic-usgb/input_addresslocality' FAILED. (Root cause: Actual text '' and expected text 'erie' of test object 'Object Repository/sponser/Page_sponsorship Form  dynamic-usgb/input_addresslocality' are NOT matched.)]]></system-err>
   </testsuite>
</testsuites>
